<?xml version="1.0" encoding="UTF-8" ?>
<testsuites errors="0"
            failures="1"
            tests="2">

  <testsuite name="variableToyProblem"
    errors="0" failures="1" hostname="" id="" package="variableToyProblem" skipped="0"
    tests="2" time="82.37" timestamp="">
  
    <testcase name="Selectors" classname="variableToyProblem" time="76.52" assertions="2">

    

    
    </testcase>
  
    <testcase name="Test data" classname="variableToyProblem" time="5.848" assertions="3">

    

      <failure message="Expected element &lt;input[name=&#34;nameEntry&#34;]&gt; to have value equal: &#34;Morty Smith&#34; - expected [0;32m&#34;equal &#39;Morty Smith&#39;&#34;[0m but got: [0;31m&#34;New Employee&#34;[0m">    at Object.Test data (/Users/marohnhoward/DevMountain/mentorMain/automationExamples/tests/variableToyProblem.js:36:21)
    at process._tickCallback (internal/process/next_tick.js:68:7)</failure>

    <failure message="    at Object.Test data (/Users/marohnhoward/DevMountain/mentorMain/automationExamples/tests/variableToyProblem.js:36:21)">    at process._tickCallback (internal/process/next_tick.js:68:7)</failure>
    </testcase>
  

  

  
  </testsuite>
</testsuites>
